<?xml version="1.0" encoding="UTF-8"?>
<testsuite xmlns:xsi="http://www.w3.org/2001/XMLSchema-instance" xsi:noNamespaceSchemaLocation="https://maven.apache.org/surefire/maven-surefire-plugin/xsd/surefire-test-report-3.0.xsd" version="3.0" name="org.praveen.test.AppTest" time="0.329" tests="25" errors="0" skipped="0" failures="0">
  <properties>
[...]
</properties>
  <testcase name="addTwoNumbers_bothDynamicNumberViaArgumentProvider_returnAdditionOfDynamicNumbersViaArgument(int, int, int)[1]" classname="org.praveen.test.AppTest" time="0.058"/>
  <testcase name="addTwoNumbers_bothDynamicNumberViaArgumentProvider_returnAdditionOfDynamicNumbersViaArgument(int, int, int)[2]" classname="org.praveen.test.AppTest" time="0.004"/>
  <testcase name="addTwoNumbers_bothDynamicNumber_returnAdditionOfDynamicNumbers(int, int, int)[1]" classname="org.praveen.test.AppTest" time="0.004"/>
  <testcase name="addTwoNumbers_bothDynamicNumber_returnAdditionOfDynamicNumbers(int, int, int)[2]" classname="org.praveen.test.AppTest" time="0.003"/>
  <testcase name="addTwoNumbers_bothDynamicNumber_returnAdditionOfDynamicNumbers(int, int, int)[3]" classname="org.praveen.test.AppTest" time="0.002"/>
  <testcase name="addTwoNumbers_bothDynamicNumber_returnAdditionOfDynamicNumbers(int, int, int)[4]" classname="org.praveen.test.AppTest" time="0.005"/>
  <testcase name="addTwoNumbers_fiveAndSix_returnsEleven" classname="org.praveen.test.AppTest" time="0.004"/>
  <testcase name="addTwoNumbers_checkException" classname="org.praveen.test.AppTest" time="0.004"/>
  <testcase name="addTwoNumbers_checkException" classname="org.praveen.test.AppTest" time="0.001"/>
  <testcase name="addTwoNumbers_checkException" classname="org.praveen.test.AppTest" time="0.001"/>
  <testcase name="addTwoNumbers_checkException" classname="org.praveen.test.AppTest" time="0.0"/>
  <testcase name="addTwoNumbers_checkException" classname="org.praveen.test.AppTest" time="0.0"/>
  <testcase name="addTwoNumbers_checkException" classname="org.praveen.test.AppTest" time="0.001"/>
  <testcase name="addTwoNumbers_checkException" classname="org.praveen.test.AppTest" time="0.001"/>
  <testcase name="addTwoNumbers_checkException" classname="org.praveen.test.AppTest" time="0.002"/>
  <testcase name="addTwoNumbers_checkException" classname="org.praveen.test.AppTest" time="0.002"/>
  <testcase name="addTwoNumbers_checkException" classname="org.praveen.test.AppTest" time="0.001"/>
  <testcase name="addTwoNumbers_SixAndDynamicNumber_returnDynamicNumberPlusSix(int)[1]" classname="org.praveen.test.AppTest" time="0.001"/>
  <testcase name="addTwoNumbers_SixAndDynamicNumber_returnDynamicNumberPlusSix(int)[2]" classname="org.praveen.test.AppTest" time="0.001"/>
  <testcase name="addTwoNumbers_SixAndDynamicNumber_returnDynamicNumberPlusSix(int)[3]" classname="org.praveen.test.AppTest" time="0.0"/>
  <testcase name="addTwoNumbers_SixAndDynamicNumber_returnDynamicNumberPlusSix(int)[4]" classname="org.praveen.test.AppTest" time="0.002"/>
  <testcase name="addTwoNumbers_SixAndDynamicNumber_returnDynamicNumberPlusSix(int)[5]" classname="org.praveen.test.AppTest" time="0.001"/>
  <testcase name="addTwoNumbers_SixAndDynamicNumberViaEnum_returnDynamicNumberPlusSix(GenerateNumber)[1]" classname="org.praveen.test.AppTest" time="0.001"/>
  <testcase name="addTwoNumbers_SixAndDynamicNumberViaEnum_returnDynamicNumberPlusSix(GenerateNumber)[2]" classname="org.praveen.test.AppTest" time="0.002"/>
  <testcase name="addTwoNumbers_SixAndDynamicNumberViaEnum_returnDynamicNumberPlusSix(GenerateNumber)[3]" classname="org.praveen.test.AppTest" time="0.001"/>
</testsuite>